2018 135  0   3  71.9
2018 136  0   3  71.5
2018 137  0  10  70.5
2018 138  0   4  71.1
2018 139  0   2  71.9
2018 140  0   2  70.4
2018 141  0   2  71.3
2018 142  0   4  72.6
2018 143  0   8  75.0
2018 144  0   3  75.6
2018 145  0   3  77.7
2018 146  0   3  74.9
2018 147  0   3  76.6
2018 148  0   4  78.9
2018 149  0   3  77.0
2018 150  0   4  77.3
2018 151  0  12  78.9
2018 152  0  23  76.9
2018 153  0  16  76.5
2018 154  0   8  75.7
2018 155  0   4  72.6
2018 156  0   5  73.4
2018 157  0   6  73.2
2018 158  0   5  71.3
2018 159  0   4  70.2
2018 160  0   3  68.8
2018 161  0   2  72.4
2018 162  0   3  72.0
2018 163  0   3  72.5
2018 164  0   4  73.0
2018 165  0   4  74.7
2018 166  0   3  72.8
2018 167  0   2  72.7
2018 168  0   4  74.6
2018 169  0  16  76.1
2018 170  0   5  79.0
2018 171  0   5  84.7
2018 172  0   3  84.2
2018 173  0   3  83.0
2018 174  0  18  79.7
2018 175  0   6  77.0
2018 176  0  12  75.2
2018 177  0  20  73.4
2018 178  0   6  72.4
2018 179  0   5  71.9
2018 180  0   3  70.9
2018 181  0   3  71.1
2018 182  0   2  70.4
2018 183  0   2  68.8
